{
  "C:/Users/andre/OneDrive/Desktop/SENG 499 Project/front-end/src/components/ChatPane.tsx": {
    "path": "C:/Users/andre/OneDrive/Desktop/SENG 499 Project/front-end/src/components/ChatPane.tsx",
    "statementMap": {
      "0": {
        "start": {
          "line": 1,
          "column": 0
        },
        "end": {
          "line": 1,
          "column": 104
        }
      },
      "1": {
        "start": {
          "line": 1,
          "column": 26
        },
        "end": {
          "line": 1,
          "column": 104
        }
      },
      "2": {
        "start": {
          "line": 2,
          "column": 23
        },
        "end": {
          "line": 2,
          "column": 42
        }
      },
      "3": {
        "start": {
          "line": 3,
          "column": 23
        },
        "end": {
          "line": 3,
          "column": 42
        }
      },
      "4": {
        "start": {
          "line": 4,
          "column": 0
        },
        "end": {
          "line": 4,
          "column": 141
        }
      },
      "5": {
        "start": {
          "line": 5,
          "column": 0
        },
        "end": {
          "line": 5,
          "column": 73
        }
      },
      "6": {
        "start": {
          "line": 10,
          "column": 9
        },
        "end": {
          "line": 10,
          "column": 23
        }
      },
      "7": {
        "start": {
          "line": 14,
          "column": 4
        },
        "end": {
          "line": 14,
          "column": 9
        }
      },
      "8": {
        "start": {
          "line": 15,
          "column": 42
        },
        "end": {
          "line": 15,
          "column": 54
        }
      },
      "9": {
        "start": {
          "line": 17,
          "column": 8
        },
        "end": {
          "line": 17,
          "column": 192
        }
      },
      "10": {
        "start": {
          "line": 17,
          "column": 36
        },
        "end": {
          "line": 17,
          "column": 190
        }
      },
      "11": {
        "start": {
          "line": 19,
          "column": 4
        },
        "end": {
          "line": 105,
          "column": 13
        }
      },
      "12": {
        "start": {
          "line": 33,
          "column": 35
        },
        "end": {
          "line": 33,
          "column": 65
        }
      },
      "13": {
        "start": {
          "line": 47,
          "column": 24
        },
        "end": {
          "line": 92,
          "column": 33
        }
      },
      "14": {
        "start": {
          "line": 60,
          "column": 32
        },
        "end": {
          "line": 60,
          "column": 51
        }
      },
      "15": {
        "start": {
          "line": 61,
          "column": 32
        },
        "end": {
          "line": 61,
          "column": 60
        }
      },
      "16": {
        "start": {
          "line": 107,
          "column": 0
        },
        "end": {
          "line": 107,
          "column": 45
        }
      },
      "17": {
        "start": {
          "line": 108,
          "column": 0
        },
        "end": {
          "line": 108,
          "column": 14
        }
      },
      "18": {
        "start": {
          "line": 110,
          "column": 0
        },
        "end": {
          "line": 110,
          "column": 29
        }
      },
      "19": {
        "start": {
          "line": 113,
          "column": 0
        },
        "end": {
          "line": 113,
          "column": 37
        }
      },
      "20": {
        "start": {
          "line": 114,
          "column": 0
        },
        "end": {
          "line": 114,
          "column": 37
        }
      },
      "21": {
        "start": {
          "line": 116,
          "column": 0
        },
        "end": {
          "line": 123,
          "column": 3
        }
      },
      "22": {
        "start": {
          "line": 117,
          "column": 2
        },
        "end": {
          "line": 117,
          "column": 154
        }
      },
      "23": {
        "start": {
          "line": 118,
          "column": 2
        },
        "end": {
          "line": 122,
          "column": 5
        }
      },
      "24": {
        "start": {
          "line": 119,
          "column": 4
        },
        "end": {
          "line": 119,
          "column": 29
        }
      },
      "25": {
        "start": {
          "line": 119,
          "column": 22
        },
        "end": {
          "line": 119,
          "column": 29
        }
      },
      "26": {
        "start": {
          "line": 120,
          "column": 30
        },
        "end": {
          "line": 120,
          "column": 203
        }
      },
      "27": {
        "start": {
          "line": 121,
          "column": 4
        },
        "end": {
          "line": 121,
          "column": 73
        }
      },
      "28": {
        "start": {
          "line": 121,
          "column": 27
        },
        "end": {
          "line": 121,
          "column": 73
        }
      }
    },
    "fnMap": {
      "0": {
        "name": "ChatPane",
        "decl": {
          "start": {
            "line": 13,
            "column": 24
          },
          "end": {
            "line": 13,
            "column": 32
          }
        },
        "loc": {
          "start": {
            "line": 13,
            "column": 89
          },
          "end": {
            "line": 106,
            "column": 1
          }
        },
        "line": 13
      },
      "1": {
        "name": "filterByUsername",
        "decl": {
          "start": {
            "line": 16,
            "column": 13
          },
          "end": {
            "line": 16,
            "column": 29
          }
        },
        "loc": {
          "start": {
            "line": 16,
            "column": 51
          },
          "end": {
            "line": 18,
            "column": 5
          }
        },
        "line": 16
      },
      "2": {
        "name": "(anonymous_2)",
        "decl": {
          "start": {
            "line": 17,
            "column": 28
          },
          "end": {
            "line": 17,
            "column": 29
          }
        },
        "loc": {
          "start": {
            "line": 17,
            "column": 36
          },
          "end": {
            "line": 17,
            "column": 190
          }
        },
        "line": 17
      },
      "3": {
        "name": "(anonymous_3)",
        "decl": {
          "start": {
            "line": 33,
            "column": 30
          },
          "end": {
            "line": 33,
            "column": 31
          }
        },
        "loc": {
          "start": {
            "line": 33,
            "column": 35
          },
          "end": {
            "line": 33,
            "column": 65
          }
        },
        "line": 33
      },
      "4": {
        "name": "(anonymous_4)",
        "decl": {
          "start": {
            "line": 46,
            "column": 79
          },
          "end": {
            "line": 46,
            "column": 80
          }
        },
        "loc": {
          "start": {
            "line": 46,
            "column": 94
          },
          "end": {
            "line": 93,
            "column": 21
          }
        },
        "line": 46
      },
      "5": {
        "name": "(anonymous_5)",
        "decl": {
          "start": {
            "line": 59,
            "column": 37
          },
          "end": {
            "line": 59,
            "column": 38
          }
        },
        "loc": {
          "start": {
            "line": 59,
            "column": 41
          },
          "end": {
            "line": 62,
            "column": 29
          }
        },
        "line": 59
      },
      "6": {
        "name": "(anonymous_6)",
        "decl": {
          "start": {
            "line": 116,
            "column": 50
          },
          "end": {
            "line": 116,
            "column": 51
          }
        },
        "loc": {
          "start": {
            "line": 116,
            "column": 70
          },
          "end": {
            "line": 123,
            "column": 1
          }
        },
        "line": 116
      },
      "7": {
        "name": "(anonymous_7)",
        "decl": {
          "start": {
            "line": 118,
            "column": 25
          },
          "end": {
            "line": 118,
            "column": 26
          }
        },
        "loc": {
          "start": {
            "line": 118,
            "column": 42
          },
          "end": {
            "line": 122,
            "column": 3
          }
        },
        "line": 118
      }
    },
    "branchMap": {
      "0": {
        "loc": {
          "start": {
            "line": 1,
            "column": 0
          },
          "end": {
            "line": 1,
            "column": 104
          }
        },
        "type": "if",
        "locations": [
          {
            "start": {
              "line": 1,
              "column": 0
            },
            "end": {
              "line": 1,
              "column": 104
            }
          },
          {
            "start": {},
            "end": {}
          }
        ],
        "line": 1
      },
      "1": {
        "loc": {
          "start": {
            "line": 17,
            "column": 36
          },
          "end": {
            "line": 17,
            "column": 190
          }
        },
        "type": "binary-expr",
        "locations": [
          {
            "start": {
              "line": 17,
              "column": 36
            },
            "end": {
              "line": 17,
              "column": 113
            }
          },
          {
            "start": {
              "line": 17,
              "column": 117
            },
            "end": {
              "line": 17,
              "column": 190
            }
          }
        ],
        "line": 17
      },
      "2": {
        "loc": {
          "start": {
            "line": 119,
            "column": 4
          },
          "end": {
            "line": 119,
            "column": 29
          }
        },
        "type": "if",
        "locations": [
          {
            "start": {
              "line": 119,
              "column": 4
            },
            "end": {
              "line": 119,
              "column": 29
            }
          },
          {
            "start": {},
            "end": {}
          }
        ],
        "line": 119
      },
      "3": {
        "loc": {
          "start": {
            "line": 121,
            "column": 4
          },
          "end": {
            "line": 121,
            "column": 73
          }
        },
        "type": "if",
        "locations": [
          {
            "start": {
              "line": 121,
              "column": 4
            },
            "end": {
              "line": 121,
              "column": 73
            }
          },
          {
            "start": {},
            "end": {}
          }
        ],
        "line": 121
      }
    },
    "s": {
      "0": 1,
      "1": 0,
      "2": 1,
      "3": 1,
      "4": 1,
      "5": 1,
      "6": 1,
      "7": 0,
      "8": 0,
      "9": 0,
      "10": 0,
      "11": 0,
      "12": 0,
      "13": 0,
      "14": 0,
      "15": 0,
      "16": 1,
      "17": 1,
      "18": 1,
      "19": 1,
      "20": 1,
      "21": 1,
      "22": 1,
      "23": 1,
      "24": 0,
      "25": 0,
      "26": 0,
      "27": 0,
      "28": 0
    },
    "f": {
      "0": 0,
      "1": 0,
      "2": 0,
      "3": 0,
      "4": 0,
      "5": 0,
      "6": 1,
      "7": 0
    },
    "b": {
      "0": [
        0,
        1
      ],
      "1": [
        0,
        0
      ],
      "2": [
        0,
        0
      ],
      "3": [
        0,
        0
      ]
    },
    "inputSourceMap": {
      "version": 3,
      "sources": [
        "C:/Users/andre/OneDrive/Desktop/SENG 499 Project/front-end/src/components/ChatPane.tsx"
      ],
      "names": [
        "useState",
        "Avatar",
        "Button",
        "Input",
        "Stack",
        "ChatPane",
        "ChatPaneItems",
        "fromChatPane",
        "ChatPaneDisplayToggle",
        "searchQuery",
        "setSearchQuery",
        "filterByUsername",
        "chats",
        "searchString",
        "filter",
        "chat",
        "interlocutor",
        "username",
        "toLowerCase",
        "includes",
        "listingInfo",
        "title",
        "div",
        "className",
        "data-cy",
        "direction",
        "spacing",
        "background",
        "borderRadius",
        "fontWeight",
        "onChange",
        "e",
        "target",
        "value",
        "placeholder",
        "_placeholder",
        "opacity",
        "color",
        "fontFamily",
        "map",
        "index",
        "_active",
        "bg",
        "height",
        "_hover",
        "onClick",
        "name",
        "size"
      ],
      "rangeMappings": ";;;;;;;;;;;;;;;;;;;;;;;;;;;;;;;;;;;;;;;;;;;;;;;;;;;;;;;;;;;;;;;;;;;;;;;;;;;;;;;;;;;;;;;;;;;;;;;;;;;",
      "mappings": ";;;;;;;;;;AAAA,SAASA,QAAQ,QAAQ,QAAO;AAChC,SAASC,MAAM,EAAEC,MAAM,EAAEC,KAAK,EAAEC,KAAK,QAAQ,mBAAmB;AAUhE,eAAe,SAASC,SAAS,EAACC,aAAa,EAAEC,YAAY,EAAEC,qBAAqB,EAAe;;IAE/F,MAAM,CAACC,aAAaC,eAAe,GAAGV,SAAiB;IAEvD,SAASW,iBAAiBC,KAAiB,EAAEC,YAAoB;QAC7D,OAAOD,MAAME,MAAM,CAACC,CAAAA,OAChBA,KAAKC,YAAY,CAACC,QAAQ,CAACC,WAAW,GAAGC,QAAQ,CAACN,aAAaK,WAAW,OAC1EH,KAAKK,WAAW,CAACC,KAAK,CAACH,WAAW,GAAGC,QAAQ,CAACN,aAAaK,WAAW;IAE9E;IAGA,qBACI,QAACI;QAAIC,WAAU;QAAkCC,WAAQ;kBACrD,cAAA,QAACpB;YAAMqB,WAAU;YAASC,SAAS;YAAGH,WAAU;;8BAC5C,QAACpB;oBACGwB,YAAW;oBACXC,cAAa;oBACbL,WAAU;oBACVC,WAAQ;oBACRK,YAAW;oBACXC,UAAU,CAACC,IAAMrB,eAAeqB,EAAEC,MAAM,CAACC,KAAK;oBAC9CC,aAAY;oBACZC,cAAc;wBAAEC,SAAS;wBAAGC,OAAO;wBAAYC,YAAW;oBAAO;;;;;;8BAIrE;8BACC3B,iBAAiBL,eAAeG,aAAa8B,GAAG,CAAC,CAACxB,MAAeyB;wBAC9D,qBACI,QAACtC;4BACGuC,SAAS;gCAAEC,IAAI;4BAAU;4BACzBA,IAAG;4BACHnB,WAAU;4BACVc,OAAM;4BACNb,WAAQ;4BACRmB,QAAO;4BACPC,QAAQ;gCAAEF,IAAI;4BAAU;4BAExBG,SAAS;gCACLtC,aAAaQ;gCACbP,sBAAsB;4BAEtB;;8CAEA,QAACc;oCAAIC,WAAU;8CACX,cAAA,QAACtB;wCAEG6C,MAAQ/B,KAAKC,YAAY,CAACC,QAAQ;wCAClC8B,MAAK;;;;;;;;;;;8CAKb,QAACzB;oCAAIC,WAAU;8CACVR,KAAKC,YAAY,CAACC,QAAQ;;;;;;;2BAjB9BuB;;;;;oBAoBZ;;;;;;;;;;;;;AASrB;GAnEwBnC;KAAAA"
    },
    "_coverageSchema": "1a1c01bbd47fc00a2c39e90264f33305004495a9",
    "hash": "b8aa56a26324fa1ee7f8c8115a6a107e0c7c5e0c"
  },
  "C:/Users/andre/OneDrive/Desktop/SENG 499 Project/front-end/src/components/Messages.tsx": {
    "path": "C:/Users/andre/OneDrive/Desktop/SENG 499 Project/front-end/src/components/Messages.tsx",
    "statementMap": {
      "0": {
        "start": {
          "line": 1,
          "column": 0
        },
        "end": {
          "line": 1,
          "column": 104
        }
      },
      "1": {
        "start": {
          "line": 1,
          "column": 26
        },
        "end": {
          "line": 1,
          "column": 104
        }
      },
      "2": {
        "start": {
          "line": 2,
          "column": 23
        },
        "end": {
          "line": 2,
          "column": 42
        }
      },
      "3": {
        "start": {
          "line": 3,
          "column": 23
        },
        "end": {
          "line": 3,
          "column": 42
        }
      },
      "4": {
        "start": {
          "line": 4,
          "column": 0
        },
        "end": {
          "line": 4,
          "column": 141
        }
      },
      "5": {
        "start": {
          "line": 5,
          "column": 0
        },
        "end": {
          "line": 5,
          "column": 73
        }
      },
      "6": {
        "start": {
          "line": 10,
          "column": 9
        },
        "end": {
          "line": 10,
          "column": 23
        }
      },
      "7": {
        "start": {
          "line": 14,
          "column": 4
        },
        "end": {
          "line": 14,
          "column": 9
        }
      },
      "8": {
        "start": {
          "line": 15,
          "column": 22
        },
        "end": {
          "line": 15,
          "column": 34
        }
      },
      "9": {
        "start": {
          "line": 16,
          "column": 28
        },
        "end": {
          "line": 18,
          "column": 5
        }
      },
      "10": {
        "start": {
          "line": 17,
          "column": 8
        },
        "end": {
          "line": 17,
          "column": 44
        }
      },
      "11": {
        "start": {
          "line": 19,
          "column": 23
        },
        "end": {
          "line": 21,
          "column": 5
        }
      },
      "12": {
        "start": {
          "line": 20,
          "column": 8
        },
        "end": {
          "line": 20,
          "column": 54
        }
      },
      "13": {
        "start": {
          "line": 22,
          "column": 4
        },
        "end": {
          "line": 30,
          "column": 7
        }
      },
      "14": {
        "start": {
          "line": 23,
          "column": 8
        },
        "end": {
          "line": 27,
          "column": 9
        }
      },
      "15": {
        "start": {
          "line": 24,
          "column": 12
        },
        "end": {
          "line": 26,
          "column": 15
        }
      },
      "16": {
        "start": {
          "line": 31,
          "column": 4
        },
        "end": {
          "line": 114,
          "column": 13
        }
      },
      "17": {
        "start": {
          "line": 36,
          "column": 31
        },
        "end": {
          "line": 36,
          "column": 83
        }
      },
      "18": {
        "start": {
          "line": 37,
          "column": 40
        },
        "end": {
          "line": 37,
          "column": 45
        }
      },
      "19": {
        "start": {
          "line": 38,
          "column": 16
        },
        "end": {
          "line": 42,
          "column": 17
        }
      },
      "20": {
        "start": {
          "line": 39,
          "column": 44
        },
        "end": {
          "line": 39,
          "column": 89
        }
      },
      "21": {
        "start": {
          "line": 40,
          "column": 44
        },
        "end": {
          "line": 40,
          "column": 84
        }
      },
      "22": {
        "start": {
          "line": 41,
          "column": 20
        },
        "end": {
          "line": 41,
          "column": 82
        }
      },
      "23": {
        "start": {
          "line": 43,
          "column": 16
        },
        "end": {
          "line": 100,
          "column": 25
        }
      },
      "24": {
        "start": {
          "line": 116,
          "column": 0
        },
        "end": {
          "line": 116,
          "column": 45
        }
      },
      "25": {
        "start": {
          "line": 117,
          "column": 0
        },
        "end": {
          "line": 117,
          "column": 14
        }
      },
      "26": {
        "start": {
          "line": 119,
          "column": 0
        },
        "end": {
          "line": 119,
          "column": 29
        }
      },
      "27": {
        "start": {
          "line": 122,
          "column": 0
        },
        "end": {
          "line": 122,
          "column": 37
        }
      },
      "28": {
        "start": {
          "line": 123,
          "column": 0
        },
        "end": {
          "line": 123,
          "column": 37
        }
      },
      "29": {
        "start": {
          "line": 125,
          "column": 0
        },
        "end": {
          "line": 132,
          "column": 3
        }
      },
      "30": {
        "start": {
          "line": 126,
          "column": 2
        },
        "end": {
          "line": 126,
          "column": 154
        }
      },
      "31": {
        "start": {
          "line": 127,
          "column": 2
        },
        "end": {
          "line": 131,
          "column": 5
        }
      },
      "32": {
        "start": {
          "line": 128,
          "column": 4
        },
        "end": {
          "line": 128,
          "column": 29
        }
      },
      "33": {
        "start": {
          "line": 128,
          "column": 22
        },
        "end": {
          "line": 128,
          "column": 29
        }
      },
      "34": {
        "start": {
          "line": 129,
          "column": 30
        },
        "end": {
          "line": 129,
          "column": 203
        }
      },
      "35": {
        "start": {
          "line": 130,
          "column": 4
        },
        "end": {
          "line": 130,
          "column": 73
        }
      },
      "36": {
        "start": {
          "line": 130,
          "column": 27
        },
        "end": {
          "line": 130,
          "column": 73
        }
      }
    },
    "fnMap": {
      "0": {
        "name": "Messages",
        "decl": {
          "start": {
            "line": 13,
            "column": 24
          },
          "end": {
            "line": 13,
            "column": 32
          }
        },
        "loc": {
          "start": {
            "line": 13,
            "column": 56
          },
          "end": {
            "line": 115,
            "column": 1
          }
        },
        "line": 13
      },
      "1": {
        "name": "(anonymous_1)",
        "decl": {
          "start": {
            "line": 16,
            "column": 28
          },
          "end": {
            "line": 16,
            "column": 29
          }
        },
        "loc": {
          "start": {
            "line": 16,
            "column": 39
          },
          "end": {
            "line": 18,
            "column": 5
          }
        },
        "line": 16
      },
      "2": {
        "name": "(anonymous_2)",
        "decl": {
          "start": {
            "line": 19,
            "column": 23
          },
          "end": {
            "line": 19,
            "column": 24
          }
        },
        "loc": {
          "start": {
            "line": 19,
            "column": 34
          },
          "end": {
            "line": 21,
            "column": 5
          }
        },
        "line": 19
      },
      "3": {
        "name": "(anonymous_3)",
        "decl": {
          "start": {
            "line": 22,
            "column": 14
          },
          "end": {
            "line": 22,
            "column": 15
          }
        },
        "loc": {
          "start": {
            "line": 22,
            "column": 18
          },
          "end": {
            "line": 28,
            "column": 5
          }
        },
        "line": 22
      },
      "4": {
        "name": "(anonymous_4)",
        "decl": {
          "start": {
            "line": 35,
            "column": 28
          },
          "end": {
            "line": 35,
            "column": 29
          }
        },
        "loc": {
          "start": {
            "line": 35,
            "column": 46
          },
          "end": {
            "line": 101,
            "column": 13
          }
        },
        "line": 35
      },
      "5": {
        "name": "(anonymous_5)",
        "decl": {
          "start": {
            "line": 125,
            "column": 50
          },
          "end": {
            "line": 125,
            "column": 51
          }
        },
        "loc": {
          "start": {
            "line": 125,
            "column": 70
          },
          "end": {
            "line": 132,
            "column": 1
          }
        },
        "line": 125
      },
      "6": {
        "name": "(anonymous_6)",
        "decl": {
          "start": {
            "line": 127,
            "column": 25
          },
          "end": {
            "line": 127,
            "column": 26
          }
        },
        "loc": {
          "start": {
            "line": 127,
            "column": 42
          },
          "end": {
            "line": 131,
            "column": 3
          }
        },
        "line": 127
      }
    },
    "branchMap": {
      "0": {
        "loc": {
          "start": {
            "line": 1,
            "column": 0
          },
          "end": {
            "line": 1,
            "column": 104
          }
        },
        "type": "if",
        "locations": [
          {
            "start": {
              "line": 1,
              "column": 0
            },
            "end": {
              "line": 1,
              "column": 104
            }
          },
          {
            "start": {},
            "end": {}
          }
        ],
        "line": 1
      },
      "1": {
        "loc": {
          "start": {
            "line": 23,
            "column": 8
          },
          "end": {
            "line": 27,
            "column": 9
          }
        },
        "type": "if",
        "locations": [
          {
            "start": {
              "line": 23,
              "column": 8
            },
            "end": {
              "line": 27,
              "column": 9
            }
          },
          {
            "start": {},
            "end": {}
          }
        ],
        "line": 23
      },
      "2": {
        "loc": {
          "start": {
            "line": 38,
            "column": 16
          },
          "end": {
            "line": 42,
            "column": 17
          }
        },
        "type": "if",
        "locations": [
          {
            "start": {
              "line": 38,
              "column": 16
            },
            "end": {
              "line": 42,
              "column": 17
            }
          },
          {
            "start": {},
            "end": {}
          }
        ],
        "line": 38
      },
      "3": {
        "loc": {
          "start": {
            "line": 47,
            "column": 38
          },
          "end": {
            "line": 47,
            "column": 101
          }
        },
        "type": "cond-expr",
        "locations": [
          {
            "start": {
              "line": 47,
              "column": 67
            },
            "end": {
              "line": 47,
              "column": 69
            }
          },
          {
            "start": {
              "line": 47,
              "column": 72
            },
            "end": {
              "line": 47,
              "column": 101
            }
          }
        ],
        "line": 47
      },
      "4": {
        "loc": {
          "start": {
            "line": 54,
            "column": 57
          },
          "end": {
            "line": 54,
            "column": 93
          }
        },
        "type": "cond-expr",
        "locations": [
          {
            "start": {
              "line": 54,
              "column": 75
            },
            "end": {
              "line": 54,
              "column": 88
            }
          },
          {
            "start": {
              "line": 54,
              "column": 91
            },
            "end": {
              "line": 54,
              "column": 93
            }
          }
        ],
        "line": 54
      },
      "5": {
        "loc": {
          "start": {
            "line": 57,
            "column": 99
          },
          "end": {
            "line": 57,
            "column": 160
          }
        },
        "type": "cond-expr",
        "locations": [
          {
            "start": {
              "line": 57,
              "column": 117
            },
            "end": {
              "line": 57,
              "column": 136
            }
          },
          {
            "start": {
              "line": 57,
              "column": 139
            },
            "end": {
              "line": 57,
              "column": 160
            }
          }
        ],
        "line": 57
      },
      "6": {
        "loc": {
          "start": {
            "line": 59,
            "column": 88
          },
          "end": {
            "line": 59,
            "column": 162
          }
        },
        "type": "cond-expr",
        "locations": [
          {
            "start": {
              "line": 59,
              "column": 106
            },
            "end": {
              "line": 59,
              "column": 130
            }
          },
          {
            "start": {
              "line": 59,
              "column": 133
            },
            "end": {
              "line": 59,
              "column": 162
            }
          }
        ],
        "line": 59
      },
      "7": {
        "loc": {
          "start": {
            "line": 83,
            "column": 65
          },
          "end": {
            "line": 83,
            "column": 101
          }
        },
        "type": "cond-expr",
        "locations": [
          {
            "start": {
              "line": 83,
              "column": 83
            },
            "end": {
              "line": 83,
              "column": 96
            }
          },
          {
            "start": {
              "line": 83,
              "column": 99
            },
            "end": {
              "line": 83,
              "column": 101
            }
          }
        ],
        "line": 83
      },
      "8": {
        "loc": {
          "start": {
            "line": 128,
            "column": 4
          },
          "end": {
            "line": 128,
            "column": 29
          }
        },
        "type": "if",
        "locations": [
          {
            "start": {
              "line": 128,
              "column": 4
            },
            "end": {
              "line": 128,
              "column": 29
            }
          },
          {
            "start": {},
            "end": {}
          }
        ],
        "line": 128
      },
      "9": {
        "loc": {
          "start": {
            "line": 130,
            "column": 4
          },
          "end": {
            "line": 130,
            "column": 73
          }
        },
        "type": "if",
        "locations": [
          {
            "start": {
              "line": 130,
              "column": 4
            },
            "end": {
              "line": 130,
              "column": 73
            }
          },
          {
            "start": {},
            "end": {}
          }
        ],
        "line": 130
      }
    },
    "s": {
      "0": 1,
      "1": 0,
      "2": 1,
      "3": 1,
      "4": 1,
      "5": 1,
      "6": 1,
      "7": 0,
      "8": 0,
      "9": 0,
      "10": 0,
      "11": 0,
      "12": 0,
      "13": 0,
      "14": 0,
      "15": 0,
      "16": 0,
      "17": 0,
      "18": 0,
      "19": 0,
      "20": 0,
      "21": 0,
      "22": 0,
      "23": 0,
      "24": 1,
      "25": 1,
      "26": 1,
      "27": 1,
      "28": 1,
      "29": 1,
      "30": 1,
      "31": 1,
      "32": 0,
      "33": 0,
      "34": 0,
      "35": 0,
      "36": 0
    },
    "f": {
      "0": 0,
      "1": 0,
      "2": 0,
      "3": 0,
      "4": 0,
      "5": 1,
      "6": 0
    },
    "b": {
      "0": [
        0,
        1
      ],
      "1": [
        0,
        0
      ],
      "2": [
        0,
        0
      ],
      "3": [
        0,
        0
      ],
      "4": [
        0,
        0
      ],
      "5": [
        0,
        0
      ],
      "6": [
        0,
        0
      ],
      "7": [
        0,
        0
      ],
      "8": [
        0,
        0
      ],
      "9": [
        0,
        0
      ]
    },
    "inputSourceMap": {
      "version": 3,
      "sources": [
        "C:/Users/andre/OneDrive/Desktop/SENG 499 Project/front-end/src/components/Messages.tsx"
      ],
      "names": [
        "useEffect",
        "useRef",
        "format",
        "isEqual",
        "Messages",
        "allMessages",
        "user",
        "scrollRef",
        "formatTimestamp",
        "unixNum",
        "formatDate",
        "current",
        "scrollIntoView",
        "behavior",
        "div",
        "id",
        "className",
        "map",
        "message",
        "index",
        "isUser",
        "parseInt",
        "senderId",
        "userId",
        "isSameMessageDate",
        "prevMessageDate",
        "timestamp",
        "currMessageDate",
        "span",
        "content",
        "messageId",
        "ref"
      ],
      "rangeMappings": ";;;;;;;;;;;;;;;;;;;;;;;;;;;;;;;;;;;;;;;;;;;;;;;;;;;;;;;;;;;;;;;;;;;;;;;;;;;;;;;;;;;;;;;;;;;;;;;;;;;;;;;;;;;;",
      "mappings": ";;;;;;;;;;AAAA,SAASA,SAAS,EAAEC,MAAM,QAAQ,QAAO;AAEzC,SAASC,MAAM,EAAEC,OAAO,QAAQ,WAAW;AAO3C,eAAe,SAASC,SAAS,EAACC,WAAW,EAAEC,IAAI,EAAc;;IAC7D,MAAMC,YAAYN,OAA4B;IAE9C,MAAMO,kBAAkB,CAACC;QACrB,OAAOP,OAAOO,SAAS;IAC3B;IAEA,MAAMC,aAAa,CAACD;QAChB,OAAOP,OAAOO,SAAS;IAC3B;IAEAT,UAAU;QACN,IAAIO,UAAUI,OAAO,EAAE;YACnBJ,UAAUI,OAAO,CAACC,cAAc,CAAC;gBAAEC,UAAU;YAAS;QAC1D;IACJ,GAAG;QAACR;KAAY;IAGhB,qBACI,QAACS;QAAIC,IAAK;QAAWC,WAAU;;YAE1BX,YAAYY,GAAG,CAAC,CAACC,SAAqBC;gBACnC,MAAMC,SAASC,SAASH,QAAQI,QAAQ,MAAMD,SAASf,KAAKiB,MAAM;gBAElE,IAAIC,oBAAoB;gBACxB,IAAGL,QAAQ,GAAE;oBACT,MAAMM,kBAAkBf,WAAWL,WAAW,CAACc,QAAQ,EAAE,EAAEO;oBAC3D,MAAMC,kBAAkBjB,WAAWL,WAAW,CAACc,MAAM,CAACO,SAAS;oBAC/DF,oBAAoBrB,QAAQsB,iBAAiBE;gBACjD;gBAEA,qBACI,QAACb;;sCACG,QAACA;4BAAIE,WAAW,CAAC,wCAAwC,CAAC;sCACrDQ,sBAAsB,OAAM,KAAKd,WAAWQ,QAAQQ,SAAS;;;;;;sCAElE,QAACZ;4BAAIE,WAAW,CAAC,eAAe,EAAEI,WAAW,OAAM,gBAAgB,GAAG,CAAC;;8CACnE,QAACN;oCAAIE,WAAW,CAAC,iDAAiD,EAAEI,WAAW,OAAM,sBAAsB,sBAAsB,CAAC;8CAC9H,cAAA,QAACQ;wCAAKZ,WAAW,CAAC,kCAAkC,EAAEI,WAAW,OAAM,2BAA2B,8BAA8B,CAAC;;4CAC5H,CAAC,EAAEF,QAAQW,OAAO,CAAC,CAAC;4CAAE;0DACvB,QAACD;gDAAKZ,WAAW,CAAC,0BAA0B,CAAC;0DACxCR,gBAAgBU,QAAQQ,SAAS;;;;;;;;;;;;;;;;;8CAK9C,QAACZ;oCAAIE,WAAW,CAAC,eAAe,EAAEI,WAAW,OAAM,gBAAgB,GAAG,CAAC;;;;;;;;;;;;;mBAdrE,CAAC,EAAEF,QAAQY,SAAS,CAAC,CAAC,EAAEZ,QAAQQ,SAAS,CAAC,CAAC;;;;;YAkBzD;0BAEJ,QAACZ;gBAAIiB,KAAMxB;;;;;;;;;;;;AAIvB;GAxDwBH;KAAAA"
    },
    "_coverageSchema": "1a1c01bbd47fc00a2c39e90264f33305004495a9",
    "hash": "57b2a09d3800279d6d509c98c723326f68133672"
  },
  "C:/Users/andre/OneDrive/Desktop/SENG 499 Project/front-end/src/components/Skeletons/ChatPaneSkeleton.tsx": {
    "path": "C:/Users/andre/OneDrive/Desktop/SENG 499 Project/front-end/src/components/Skeletons/ChatPaneSkeleton.tsx",
    "statementMap": {
      "0": {
        "start": {
          "line": 1,
          "column": 0
        },
        "end": {
          "line": 1,
          "column": 104
        }
      },
      "1": {
        "start": {
          "line": 1,
          "column": 26
        },
        "end": {
          "line": 1,
          "column": 104
        }
      },
      "2": {
        "start": {
          "line": 2,
          "column": 23
        },
        "end": {
          "line": 2,
          "column": 42
        }
      },
      "3": {
        "start": {
          "line": 3,
          "column": 23
        },
        "end": {
          "line": 3,
          "column": 42
        }
      },
      "4": {
        "start": {
          "line": 4,
          "column": 0
        },
        "end": {
          "line": 4,
          "column": 159
        }
      },
      "5": {
        "start": {
          "line": 5,
          "column": 0
        },
        "end": {
          "line": 5,
          "column": 73
        }
      },
      "6": {
        "start": {
          "line": 12,
          "column": 4
        },
        "end": {
          "line": 97,
          "column": 13
        }
      },
      "7": {
        "start": {
          "line": 99,
          "column": 0
        },
        "end": {
          "line": 99,
          "column": 22
        }
      },
      "8": {
        "start": {
          "line": 101,
          "column": 0
        },
        "end": {
          "line": 101,
          "column": 37
        }
      },
      "9": {
        "start": {
          "line": 104,
          "column": 0
        },
        "end": {
          "line": 104,
          "column": 37
        }
      },
      "10": {
        "start": {
          "line": 105,
          "column": 0
        },
        "end": {
          "line": 105,
          "column": 37
        }
      },
      "11": {
        "start": {
          "line": 107,
          "column": 0
        },
        "end": {
          "line": 114,
          "column": 3
        }
      },
      "12": {
        "start": {
          "line": 108,
          "column": 2
        },
        "end": {
          "line": 108,
          "column": 172
        }
      },
      "13": {
        "start": {
          "line": 109,
          "column": 2
        },
        "end": {
          "line": 113,
          "column": 5
        }
      },
      "14": {
        "start": {
          "line": 110,
          "column": 4
        },
        "end": {
          "line": 110,
          "column": 29
        }
      },
      "15": {
        "start": {
          "line": 110,
          "column": 22
        },
        "end": {
          "line": 110,
          "column": 29
        }
      },
      "16": {
        "start": {
          "line": 111,
          "column": 30
        },
        "end": {
          "line": 111,
          "column": 221
        }
      },
      "17": {
        "start": {
          "line": 112,
          "column": 4
        },
        "end": {
          "line": 112,
          "column": 73
        }
      },
      "18": {
        "start": {
          "line": 112,
          "column": 27
        },
        "end": {
          "line": 112,
          "column": 73
        }
      }
    },
    "fnMap": {
      "0": {
        "name": "ChatPaneSkeleton",
        "decl": {
          "start": {
            "line": 11,
            "column": 24
          },
          "end": {
            "line": 11,
            "column": 40
          }
        },
        "loc": {
          "start": {
            "line": 11,
            "column": 43
          },
          "end": {
            "line": 98,
            "column": 1
          }
        },
        "line": 11
      },
      "1": {
        "name": "(anonymous_1)",
        "decl": {
          "start": {
            "line": 107,
            "column": 50
          },
          "end": {
            "line": 107,
            "column": 51
          }
        },
        "loc": {
          "start": {
            "line": 107,
            "column": 70
          },
          "end": {
            "line": 114,
            "column": 1
          }
        },
        "line": 107
      },
      "2": {
        "name": "(anonymous_2)",
        "decl": {
          "start": {
            "line": 109,
            "column": 25
          },
          "end": {
            "line": 109,
            "column": 26
          }
        },
        "loc": {
          "start": {
            "line": 109,
            "column": 42
          },
          "end": {
            "line": 113,
            "column": 3
          }
        },
        "line": 109
      }
    },
    "branchMap": {
      "0": {
        "loc": {
          "start": {
            "line": 1,
            "column": 0
          },
          "end": {
            "line": 1,
            "column": 104
          }
        },
        "type": "if",
        "locations": [
          {
            "start": {
              "line": 1,
              "column": 0
            },
            "end": {
              "line": 1,
              "column": 104
            }
          },
          {
            "start": {},
            "end": {}
          }
        ],
        "line": 1
      },
      "1": {
        "loc": {
          "start": {
            "line": 110,
            "column": 4
          },
          "end": {
            "line": 110,
            "column": 29
          }
        },
        "type": "if",
        "locations": [
          {
            "start": {
              "line": 110,
              "column": 4
            },
            "end": {
              "line": 110,
              "column": 29
            }
          },
          {
            "start": {},
            "end": {}
          }
        ],
        "line": 110
      },
      "2": {
        "loc": {
          "start": {
            "line": 112,
            "column": 4
          },
          "end": {
            "line": 112,
            "column": 73
          }
        },
        "type": "if",
        "locations": [
          {
            "start": {
              "line": 112,
              "column": 4
            },
            "end": {
              "line": 112,
              "column": 73
            }
          },
          {
            "start": {},
            "end": {}
          }
        ],
        "line": 112
      }
    },
    "s": {
      "0": 1,
      "1": 0,
      "2": 1,
      "3": 1,
      "4": 1,
      "5": 1,
      "6": 0,
      "7": 1,
      "8": 1,
      "9": 1,
      "10": 1,
      "11": 1,
      "12": 1,
      "13": 1,
      "14": 0,
      "15": 0,
      "16": 0,
      "17": 0,
      "18": 0
    },
    "f": {
      "0": 0,
      "1": 1,
      "2": 0
    },
    "b": {
      "0": [
        0,
        1
      ],
      "1": [
        0,
        0
      ],
      "2": [
        0,
        0
      ]
    },
    "inputSourceMap": {
      "version": 3,
      "sources": [
        "C:/Users/andre/OneDrive/Desktop/SENG 499 Project/front-end/src/components/Skeletons/ChatPaneSkeleton.tsx"
      ],
      "names": [
        "Input",
        "Skeleton",
        "Stack",
        "ChatPaneSkeleton",
        "div",
        "className",
        "direction",
        "spacing",
        "background",
        "borderRadius",
        "fontWeight",
        "placeholder",
        "_placeholder",
        "opacity",
        "color",
        "fontFamily",
        "height",
        "width"
      ],
      "rangeMappings": ";;;;;;;;;;;;;;;;;;;;;;;;;;;;;;;;;;;;;;;;;;;;;;;;;;;;;;;;;;;;;;;;;;;;;;;;;;;;;;;;;;;;;;;;;;",
      "mappings": ";;;;;;;;;AAAA,SAASA,KAAK,EAAEC,QAAQ,EAAEC,KAAK,QAAQ,mBAAmB;AAE1D,eAAe,SAASC;IAEpB,qBACI,QAACC;QAAIC,WAAU;kBACX,cAAA,QAACH;YAAMI,WAAU;YAASC,SAAS;YAAGF,WAAU;;8BAC5C,QAACL;oBACGK,WAAU;oBACVG,YAAW;oBACXC,cAAa;oBACbC,YAAW;oBAEXC,aAAY;oBACZC,cAAc;wBAAEC,SAAS;wBAAGC,OAAO;wBAAYC,YAAW;oBAAO;;;;;;8BAIrE;;sCACI,QAACd;4BAASe,QAAO;4BAAOC,OAAM;;;;;;sCAC9B,QAAChB;4BAASe,QAAO;4BAAOC,OAAM;;;;;;sCAC9B,QAAChB;4BAASe,QAAO;4BAAOC,OAAM;;;;;;sCAC9B,QAAChB;4BAASe,QAAO;4BAAOC,OAAM;;;;;;sCAC9B,QAAChB;4BAASe,QAAO;4BAAOC,OAAM;;;;;;sCAC9B,QAAChB;4BAASe,QAAO;4BAAOC,OAAM;;;;;;;;;;;;;;;;;;;AAQlD;KA9BwBd"
    },
    "_coverageSchema": "1a1c01bbd47fc00a2c39e90264f33305004495a9",
    "hash": "1f34b151c05194613864e9f555acc79322391b4e"
  },
  "C:/Users/andre/OneDrive/Desktop/SENG 499 Project/front-end/src/pages/LoadingPage.tsx": {
    "path": "C:/Users/andre/OneDrive/Desktop/SENG 499 Project/front-end/src/pages/LoadingPage.tsx",
    "statementMap": {
      "0": {
        "start": {
          "line": 1,
          "column": 0
        },
        "end": {
          "line": 1,
          "column": 104
        }
      },
      "1": {
        "start": {
          "line": 1,
          "column": 26
        },
        "end": {
          "line": 1,
          "column": 104
        }
      },
      "2": {
        "start": {
          "line": 2,
          "column": 23
        },
        "end": {
          "line": 2,
          "column": 42
        }
      },
      "3": {
        "start": {
          "line": 3,
          "column": 23
        },
        "end": {
          "line": 3,
          "column": 42
        }
      },
      "4": {
        "start": {
          "line": 4,
          "column": 0
        },
        "end": {
          "line": 4,
          "column": 139
        }
      },
      "5": {
        "start": {
          "line": 5,
          "column": 0
        },
        "end": {
          "line": 5,
          "column": 73
        }
      },
      "6": {
        "start": {
          "line": 12,
          "column": 4
        },
        "end": {
          "line": 51,
          "column": 13
        }
      },
      "7": {
        "start": {
          "line": 53,
          "column": 0
        },
        "end": {
          "line": 53,
          "column": 17
        }
      },
      "8": {
        "start": {
          "line": 55,
          "column": 0
        },
        "end": {
          "line": 55,
          "column": 32
        }
      },
      "9": {
        "start": {
          "line": 58,
          "column": 0
        },
        "end": {
          "line": 58,
          "column": 37
        }
      },
      "10": {
        "start": {
          "line": 59,
          "column": 0
        },
        "end": {
          "line": 59,
          "column": 37
        }
      },
      "11": {
        "start": {
          "line": 61,
          "column": 0
        },
        "end": {
          "line": 68,
          "column": 3
        }
      },
      "12": {
        "start": {
          "line": 62,
          "column": 2
        },
        "end": {
          "line": 62,
          "column": 152
        }
      },
      "13": {
        "start": {
          "line": 63,
          "column": 2
        },
        "end": {
          "line": 67,
          "column": 5
        }
      },
      "14": {
        "start": {
          "line": 64,
          "column": 4
        },
        "end": {
          "line": 64,
          "column": 29
        }
      },
      "15": {
        "start": {
          "line": 64,
          "column": 22
        },
        "end": {
          "line": 64,
          "column": 29
        }
      },
      "16": {
        "start": {
          "line": 65,
          "column": 30
        },
        "end": {
          "line": 65,
          "column": 201
        }
      },
      "17": {
        "start": {
          "line": 66,
          "column": 4
        },
        "end": {
          "line": 66,
          "column": 73
        }
      },
      "18": {
        "start": {
          "line": 66,
          "column": 27
        },
        "end": {
          "line": 66,
          "column": 73
        }
      }
    },
    "fnMap": {
      "0": {
        "name": "LoadingPage",
        "decl": {
          "start": {
            "line": 11,
            "column": 24
          },
          "end": {
            "line": 11,
            "column": 35
          }
        },
        "loc": {
          "start": {
            "line": 11,
            "column": 38
          },
          "end": {
            "line": 52,
            "column": 1
          }
        },
        "line": 11
      },
      "1": {
        "name": "(anonymous_1)",
        "decl": {
          "start": {
            "line": 61,
            "column": 50
          },
          "end": {
            "line": 61,
            "column": 51
          }
        },
        "loc": {
          "start": {
            "line": 61,
            "column": 70
          },
          "end": {
            "line": 68,
            "column": 1
          }
        },
        "line": 61
      },
      "2": {
        "name": "(anonymous_2)",
        "decl": {
          "start": {
            "line": 63,
            "column": 25
          },
          "end": {
            "line": 63,
            "column": 26
          }
        },
        "loc": {
          "start": {
            "line": 63,
            "column": 42
          },
          "end": {
            "line": 67,
            "column": 3
          }
        },
        "line": 63
      }
    },
    "branchMap": {
      "0": {
        "loc": {
          "start": {
            "line": 1,
            "column": 0
          },
          "end": {
            "line": 1,
            "column": 104
          }
        },
        "type": "if",
        "locations": [
          {
            "start": {
              "line": 1,
              "column": 0
            },
            "end": {
              "line": 1,
              "column": 104
            }
          },
          {
            "start": {},
            "end": {}
          }
        ],
        "line": 1
      },
      "1": {
        "loc": {
          "start": {
            "line": 64,
            "column": 4
          },
          "end": {
            "line": 64,
            "column": 29
          }
        },
        "type": "if",
        "locations": [
          {
            "start": {
              "line": 64,
              "column": 4
            },
            "end": {
              "line": 64,
              "column": 29
            }
          },
          {
            "start": {},
            "end": {}
          }
        ],
        "line": 64
      },
      "2": {
        "loc": {
          "start": {
            "line": 66,
            "column": 4
          },
          "end": {
            "line": 66,
            "column": 73
          }
        },
        "type": "if",
        "locations": [
          {
            "start": {
              "line": 66,
              "column": 4
            },
            "end": {
              "line": 66,
              "column": 73
            }
          },
          {
            "start": {},
            "end": {}
          }
        ],
        "line": 66
      }
    },
    "s": {
      "0": 1,
      "1": 0,
      "2": 1,
      "3": 1,
      "4": 1,
      "5": 1,
      "6": 2,
      "7": 1,
      "8": 1,
      "9": 1,
      "10": 1,
      "11": 1,
      "12": 1,
      "13": 1,
      "14": 0,
      "15": 0,
      "16": 0,
      "17": 0,
      "18": 0
    },
    "f": {
      "0": 2,
      "1": 1,
      "2": 0
    },
    "b": {
      "0": [
        0,
        1
      ],
      "1": [
        0,
        0
      ],
      "2": [
        0,
        0
      ]
    },
    "inputSourceMap": {
      "version": 3,
      "sources": [
        "C:/Users/andre/OneDrive/Desktop/SENG 499 Project/front-end/src/pages/LoadingPage.tsx"
      ],
      "names": [
        "vikeLogo",
        "LoadingPage",
        "div",
        "className",
        "img",
        "alt",
        "src",
        "span"
      ],
      "rangeMappings": ";;;;;;;;;;;;;;;;;;;;;;;;;;;;;;;;;;;;;;;;;;;;",
      "mappings": ";;;;;;;;;AAAA,OAAOA,cAAc,yBAAyB;AAG9C,eAAe,SAASC;IAEpB,qBACI,QAACC;QAAIC,WAAU;;0BACP,QAACD;gBAAIC,WAAU;0BACX,cAAA,QAACC;oBACGC,KAAI;oBACJF,WAAU;oBACVG,KAAKN;;;;;;;;;;;0BAIb,QAACE;gBAAIC,WAAU;0BACZ,cAAA,QAACI;oBAAKJ,WAAU;8BAAwG;;;;;;;;;;;;;;;;;AAQ3I;KArBwBF"
    },
    "_coverageSchema": "1a1c01bbd47fc00a2c39e90264f33305004495a9",
    "hash": "9fe9d1373238cf8b64a592a9eab0db9cf8d4c9e6"
  },
  "C:/Users/andre/OneDrive/Desktop/SENG 499 Project/front-end/src/utils/AuthContext.tsx": {
    "path": "C:/Users/andre/OneDrive/Desktop/SENG 499 Project/front-end/src/utils/AuthContext.tsx",
    "statementMap": {
      "0": {
        "start": {
          "line": 1,
          "column": 0
        },
        "end": {
          "line": 1,
          "column": 104
        }
      },
      "1": {
        "start": {
          "line": 1,
          "column": 26
        },
        "end": {
          "line": 1,
          "column": 104
        }
      },
      "2": {
        "start": {
          "line": 2,
          "column": 23
        },
        "end": {
          "line": 2,
          "column": 42
        }
      },
      "3": {
        "start": {
          "line": 3,
          "column": 23
        },
        "end": {
          "line": 3,
          "column": 42
        }
      },
      "4": {
        "start": {
          "line": 4,
          "column": 0
        },
        "end": {
          "line": 4,
          "column": 139
        }
      },
      "5": {
        "start": {
          "line": 5,
          "column": 0
        },
        "end": {
          "line": 5,
          "column": 73
        }
      },
      "6": {
        "start": {
          "line": 10,
          "column": 9
        },
        "end": {
          "line": 10,
          "column": 23
        }
      },
      "7": {
        "start": {
          "line": 10,
          "column": 31
        },
        "end": {
          "line": 10,
          "column": 45
        }
      },
      "8": {
        "start": {
          "line": 16,
          "column": 34
        },
        "end": {
          "line": 16,
          "column": 53
        }
      },
      "9": {
        "start": {
          "line": 17,
          "column": 28
        },
        "end": {
          "line": 205,
          "column": 1
        }
      },
      "10": {
        "start": {
          "line": 18,
          "column": 4
        },
        "end": {
          "line": 18,
          "column": 9
        }
      },
      "11": {
        "start": {
          "line": 19,
          "column": 21
        },
        "end": {
          "line": 19,
          "column": 34
        }
      },
      "12": {
        "start": {
          "line": 20,
          "column": 18
        },
        "end": {
          "line": 20,
          "column": 28
        }
      },
      "13": {
        "start": {
          "line": 21,
          "column": 28
        },
        "end": {
          "line": 21,
          "column": 42
        }
      },
      "14": {
        "start": {
          "line": 22,
          "column": 36
        },
        "end": {
          "line": 22,
          "column": 50
        }
      },
      "15": {
        "start": {
          "line": 23,
          "column": 4
        },
        "end": {
          "line": 26,
          "column": 11
        }
      },
      "16": {
        "start": {
          "line": 24,
          "column": 8
        },
        "end": {
          "line": 24,
          "column": 25
        }
      },
      "17": {
        "start": {
          "line": 25,
          "column": 8
        },
        "end": {
          "line": 25,
          "column": 26
        }
      },
      "18": {
        "start": {
          "line": 27,
          "column": 22
        },
        "end": {
          "line": 61,
          "column": 5
        }
      },
      "19": {
        "start": {
          "line": 28,
          "column": 8
        },
        "end": {
          "line": 60,
          "column": 9
        }
      },
      "20": {
        "start": {
          "line": 29,
          "column": 12
        },
        "end": {
          "line": 34,
          "column": 15
        }
      },
      "21": {
        "start": {
          "line": 35,
          "column": 12
        },
        "end": {
          "line": 55,
          "column": 15
        }
      },
      "22": {
        "start": {
          "line": 41,
          "column": 16
        },
        "end": {
          "line": 45,
          "column": 17
        }
      },
      "23": {
        "start": {
          "line": 42,
          "column": 20
        },
        "end": {
          "line": 42,
          "column": 37
        }
      },
      "24": {
        "start": {
          "line": 43,
          "column": 20
        },
        "end": {
          "line": 43,
          "column": 34
        }
      },
      "25": {
        "start": {
          "line": 44,
          "column": 20
        },
        "end": {
          "line": 44,
          "column": 98
        }
      },
      "26": {
        "start": {
          "line": 46,
          "column": 16
        },
        "end": {
          "line": 46,
          "column": 34
        }
      },
      "27": {
        "start": {
          "line": 47,
          "column": 16
        },
        "end": {
          "line": 47,
          "column": 33
        }
      },
      "28": {
        "start": {
          "line": 48,
          "column": 16
        },
        "end": {
          "line": 53,
          "column": 19
        }
      },
      "29": {
        "start": {
          "line": 54,
          "column": 16
        },
        "end": {
          "line": 54,
          "column": 30
        }
      },
      "30": {
        "start": {
          "line": 57,
          "column": 12
        },
        "end": {
          "line": 57,
          "column": 26
        }
      },
      "31": {
        "start": {
          "line": 58,
          "column": 12
        },
        "end": {
          "line": 58,
          "column": 29
        }
      },
      "32": {
        "start": {
          "line": 59,
          "column": 12
        },
        "end": {
          "line": 59,
          "column": 71
        }
      },
      "33": {
        "start": {
          "line": 62,
          "column": 23
        },
        "end": {
          "line": 95,
          "column": 5
        }
      },
      "34": {
        "start": {
          "line": 63,
          "column": 8
        },
        "end": {
          "line": 94,
          "column": 9
        }
      },
      "35": {
        "start": {
          "line": 64,
          "column": 12
        },
        "end": {
          "line": 69,
          "column": 15
        }
      },
      "36": {
        "start": {
          "line": 70,
          "column": 12
        },
        "end": {
          "line": 84,
          "column": 15
        }
      },
      "37": {
        "start": {
          "line": 73,
          "column": 16
        },
        "end": {
          "line": 83,
          "column": 17
        }
      },
      "38": {
        "start": {
          "line": 74,
          "column": 20
        },
        "end": {
          "line": 74,
          "column": 34
        }
      },
      "39": {
        "start": {
          "line": 75,
          "column": 20
        },
        "end": {
          "line": 75,
          "column": 37
        }
      },
      "40": {
        "start": {
          "line": 76,
          "column": 20
        },
        "end": {
          "line": 81,
          "column": 23
        }
      },
      "41": {
        "start": {
          "line": 82,
          "column": 20
        },
        "end": {
          "line": 82,
          "column": 34
        }
      },
      "42": {
        "start": {
          "line": 86,
          "column": 12
        },
        "end": {
          "line": 86,
          "column": 29
        }
      },
      "43": {
        "start": {
          "line": 87,
          "column": 12
        },
        "end": {
          "line": 92,
          "column": 15
        }
      },
      "44": {
        "start": {
          "line": 93,
          "column": 12
        },
        "end": {
          "line": 93,
          "column": 26
        }
      },
      "45": {
        "start": {
          "line": 96,
          "column": 27
        },
        "end": {
          "line": 110,
          "column": 5
        }
      },
      "46": {
        "start": {
          "line": 97,
          "column": 8
        },
        "end": {
          "line": 109,
          "column": 9
        }
      },
      "47": {
        "start": {
          "line": 98,
          "column": 12
        },
        "end": {
          "line": 105,
          "column": 15
        }
      },
      "48": {
        "start": {
          "line": 104,
          "column": 16
        },
        "end": {
          "line": 104,
          "column": 109
        }
      },
      "49": {
        "start": {
          "line": 107,
          "column": 12
        },
        "end": {
          "line": 107,
          "column": 31
        }
      },
      "50": {
        "start": {
          "line": 108,
          "column": 12
        },
        "end": {
          "line": 108,
          "column": 61
        }
      },
      "51": {
        "start": {
          "line": 111,
          "column": 26
        },
        "end": {
          "line": 131,
          "column": 5
        }
      },
      "52": {
        "start": {
          "line": 112,
          "column": 8
        },
        "end": {
          "line": 130,
          "column": 9
        }
      },
      "53": {
        "start": {
          "line": 113,
          "column": 12
        },
        "end": {
          "line": 126,
          "column": 15
        }
      },
      "54": {
        "start": {
          "line": 121,
          "column": 16
        },
        "end": {
          "line": 121,
          "column": 45
        }
      },
      "55": {
        "start": {
          "line": 122,
          "column": 16
        },
        "end": {
          "line": 124,
          "column": 17
        }
      },
      "56": {
        "start": {
          "line": 123,
          "column": 20
        },
        "end": {
          "line": 123,
          "column": 52
        }
      },
      "57": {
        "start": {
          "line": 125,
          "column": 16
        },
        "end": {
          "line": 125,
          "column": 109
        }
      },
      "58": {
        "start": {
          "line": 128,
          "column": 12
        },
        "end": {
          "line": 128,
          "column": 31
        }
      },
      "59": {
        "start": {
          "line": 129,
          "column": 12
        },
        "end": {
          "line": 129,
          "column": 52
        }
      },
      "60": {
        "start": {
          "line": 132,
          "column": 25
        },
        "end": {
          "line": 144,
          "column": 5
        }
      },
      "61": {
        "start": {
          "line": 133,
          "column": 8
        },
        "end": {
          "line": 143,
          "column": 9
        }
      },
      "62": {
        "start": {
          "line": 134,
          "column": 29
        },
        "end": {
          "line": 139,
          "column": 14
        }
      },
      "63": {
        "start": {
          "line": 140,
          "column": 12
        },
        "end": {
          "line": 140,
          "column": 28
        }
      },
      "64": {
        "start": {
          "line": 142,
          "column": 12
        },
        "end": {
          "line": 142,
          "column": 31
        }
      },
      "65": {
        "start": {
          "line": 145,
          "column": 24
        },
        "end": {
          "line": 158,
          "column": 5
        }
      },
      "66": {
        "start": {
          "line": 146,
          "column": 8
        },
        "end": {
          "line": 157,
          "column": 9
        }
      },
      "67": {
        "start": {
          "line": 147,
          "column": 12
        },
        "end": {
          "line": 154,
          "column": 15
        }
      },
      "68": {
        "start": {
          "line": 153,
          "column": 16
        },
        "end": {
          "line": 153,
          "column": 109
        }
      },
      "69": {
        "start": {
          "line": 156,
          "column": 12
        },
        "end": {
          "line": 156,
          "column": 31
        }
      },
      "70": {
        "start": {
          "line": 159,
          "column": 28
        },
        "end": {
          "line": 180,
          "column": 5
        }
      },
      "71": {
        "start": {
          "line": 160,
          "column": 8
        },
        "end": {
          "line": 179,
          "column": 9
        }
      },
      "72": {
        "start": {
          "line": 161,
          "column": 29
        },
        "end": {
          "line": 163,
          "column": 14
        }
      },
      "73": {
        "start": {
          "line": 164,
          "column": 12
        },
        "end": {
          "line": 164,
          "column": 30
        }
      },
      "74": {
        "start": {
          "line": 165,
          "column": 12
        },
        "end": {
          "line": 169,
          "column": 13
        }
      },
      "75": {
        "start": {
          "line": 166,
          "column": 16
        },
        "end": {
          "line": 166,
          "column": 30
        }
      },
      "76": {
        "start": {
          "line": 167,
          "column": 16
        },
        "end": {
          "line": 167,
          "column": 35
        }
      },
      "77": {
        "start": {
          "line": 168,
          "column": 16
        },
        "end": {
          "line": 168,
          "column": 23
        }
      },
      "78": {
        "start": {
          "line": 170,
          "column": 12
        },
        "end": {
          "line": 174,
          "column": 13
        }
      },
      "79": {
        "start": {
          "line": 171,
          "column": 16
        },
        "end": {
          "line": 171,
          "column": 39
        }
      },
      "80": {
        "start": {
          "line": 173,
          "column": 16
        },
        "end": {
          "line": 173,
          "column": 30
        }
      },
      "81": {
        "start": {
          "line": 176,
          "column": 12
        },
        "end": {
          "line": 176,
          "column": 26
        }
      },
      "82": {
        "start": {
          "line": 177,
          "column": 12
        },
        "end": {
          "line": 177,
          "column": 30
        }
      },
      "83": {
        "start": {
          "line": 178,
          "column": 12
        },
        "end": {
          "line": 178,
          "column": 52
        }
      },
      "84": {
        "start": {
          "line": 181,
          "column": 21
        },
        "end": {
          "line": 192,
          "column": 5
        }
      },
      "85": {
        "start": {
          "line": 193,
          "column": 4
        },
        "end": {
          "line": 204,
          "column": 13
        }
      },
      "86": {
        "start": {
          "line": 206,
          "column": 0
        },
        "end": {
          "line": 211,
          "column": 3
        }
      },
      "87": {
        "start": {
          "line": 207,
          "column": 4
        },
        "end": {
          "line": 210,
          "column": 6
        }
      },
      "88": {
        "start": {
          "line": 212,
          "column": 0
        },
        "end": {
          "line": 212,
          "column": 18
        }
      },
      "89": {
        "start": {
          "line": 213,
          "column": 23
        },
        "end": {
          "line": 216,
          "column": 1
        }
      },
      "90": {
        "start": {
          "line": 214,
          "column": 4
        },
        "end": {
          "line": 214,
          "column": 10
        }
      },
      "91": {
        "start": {
          "line": 215,
          "column": 4
        },
        "end": {
          "line": 215,
          "column": 35
        }
      },
      "92": {
        "start": {
          "line": 217,
          "column": 0
        },
        "end": {
          "line": 217,
          "column": 45
        }
      },
      "93": {
        "start": {
          "line": 220,
          "column": 0
        },
        "end": {
          "line": 220,
          "column": 33
        }
      },
      "94": {
        "start": {
          "line": 223,
          "column": 0
        },
        "end": {
          "line": 223,
          "column": 37
        }
      },
      "95": {
        "start": {
          "line": 224,
          "column": 0
        },
        "end": {
          "line": 224,
          "column": 37
        }
      },
      "96": {
        "start": {
          "line": 226,
          "column": 0
        },
        "end": {
          "line": 233,
          "column": 3
        }
      },
      "97": {
        "start": {
          "line": 227,
          "column": 2
        },
        "end": {
          "line": 227,
          "column": 152
        }
      },
      "98": {
        "start": {
          "line": 228,
          "column": 2
        },
        "end": {
          "line": 232,
          "column": 5
        }
      },
      "99": {
        "start": {
          "line": 229,
          "column": 4
        },
        "end": {
          "line": 229,
          "column": 29
        }
      },
      "100": {
        "start": {
          "line": 229,
          "column": 22
        },
        "end": {
          "line": 229,
          "column": 29
        }
      },
      "101": {
        "start": {
          "line": 230,
          "column": 30
        },
        "end": {
          "line": 230,
          "column": 201
        }
      },
      "102": {
        "start": {
          "line": 231,
          "column": 4
        },
        "end": {
          "line": 231,
          "column": 73
        }
      },
      "103": {
        "start": {
          "line": 231,
          "column": 27
        },
        "end": {
          "line": 231,
          "column": 73
        }
      }
    },
    "fnMap": {
      "0": {
        "name": "(anonymous_0)",
        "decl": {
          "start": {
            "line": 17,
            "column": 28
          },
          "end": {
            "line": 17,
            "column": 29
          }
        },
        "loc": {
          "start": {
            "line": 17,
            "column": 44
          },
          "end": {
            "line": 205,
            "column": 1
          }
        },
        "line": 17
      },
      "1": {
        "name": "(anonymous_1)",
        "decl": {
          "start": {
            "line": 23,
            "column": 14
          },
          "end": {
            "line": 23,
            "column": 15
          }
        },
        "loc": {
          "start": {
            "line": 23,
            "column": 18
          },
          "end": {
            "line": 26,
            "column": 5
          }
        },
        "line": 23
      },
      "2": {
        "name": "(anonymous_2)",
        "decl": {
          "start": {
            "line": 27,
            "column": 22
          },
          "end": {
            "line": 27,
            "column": 23
          }
        },
        "loc": {
          "start": {
            "line": 27,
            "column": 50
          },
          "end": {
            "line": 61,
            "column": 5
          }
        },
        "line": 27
      },
      "3": {
        "name": "(anonymous_3)",
        "decl": {
          "start": {
            "line": 40,
            "column": 20
          },
          "end": {
            "line": 40,
            "column": 21
          }
        },
        "loc": {
          "start": {
            "line": 40,
            "column": 32
          },
          "end": {
            "line": 55,
            "column": 13
          }
        },
        "line": 40
      },
      "4": {
        "name": "(anonymous_4)",
        "decl": {
          "start": {
            "line": 62,
            "column": 23
          },
          "end": {
            "line": 62,
            "column": 24
          }
        },
        "loc": {
          "start": {
            "line": 62,
            "column": 33
          },
          "end": {
            "line": 95,
            "column": 5
          }
        },
        "line": 62
      },
      "5": {
        "name": "(anonymous_5)",
        "decl": {
          "start": {
            "line": 72,
            "column": 20
          },
          "end": {
            "line": 72,
            "column": 21
          }
        },
        "loc": {
          "start": {
            "line": 72,
            "column": 32
          },
          "end": {
            "line": 84,
            "column": 13
          }
        },
        "line": 72
      },
      "6": {
        "name": "(anonymous_6)",
        "decl": {
          "start": {
            "line": 96,
            "column": 27
          },
          "end": {
            "line": 96,
            "column": 28
          }
        },
        "loc": {
          "start": {
            "line": 96,
            "column": 52
          },
          "end": {
            "line": 110,
            "column": 5
          }
        },
        "line": 96
      },
      "7": {
        "name": "(anonymous_7)",
        "decl": {
          "start": {
            "line": 103,
            "column": 20
          },
          "end": {
            "line": 103,
            "column": 21
          }
        },
        "loc": {
          "start": {
            "line": 103,
            "column": 39
          },
          "end": {
            "line": 105,
            "column": 13
          }
        },
        "line": 103
      },
      "8": {
        "name": "(anonymous_8)",
        "decl": {
          "start": {
            "line": 111,
            "column": 26
          },
          "end": {
            "line": 111,
            "column": 27
          }
        },
        "loc": {
          "start": {
            "line": 111,
            "column": 69
          },
          "end": {
            "line": 131,
            "column": 5
          }
        },
        "line": 111
      },
      "9": {
        "name": "(anonymous_9)",
        "decl": {
          "start": {
            "line": 120,
            "column": 20
          },
          "end": {
            "line": 120,
            "column": 21
          }
        },
        "loc": {
          "start": {
            "line": 120,
            "column": 39
          },
          "end": {
            "line": 126,
            "column": 13
          }
        },
        "line": 120
      },
      "10": {
        "name": "(anonymous_10)",
        "decl": {
          "start": {
            "line": 132,
            "column": 25
          },
          "end": {
            "line": 132,
            "column": 26
          }
        },
        "loc": {
          "start": {
            "line": 132,
            "column": 50
          },
          "end": {
            "line": 144,
            "column": 5
          }
        },
        "line": 132
      },
      "11": {
        "name": "(anonymous_11)",
        "decl": {
          "start": {
            "line": 145,
            "column": 24
          },
          "end": {
            "line": 145,
            "column": 25
          }
        },
        "loc": {
          "start": {
            "line": 145,
            "column": 47
          },
          "end": {
            "line": 158,
            "column": 5
          }
        },
        "line": 145
      },
      "12": {
        "name": "(anonymous_12)",
        "decl": {
          "start": {
            "line": 152,
            "column": 20
          },
          "end": {
            "line": 152,
            "column": 21
          }
        },
        "loc": {
          "start": {
            "line": 152,
            "column": 39
          },
          "end": {
            "line": 154,
            "column": 13
          }
        },
        "line": 152
      },
      "13": {
        "name": "(anonymous_13)",
        "decl": {
          "start": {
            "line": 159,
            "column": 28
          },
          "end": {
            "line": 159,
            "column": 29
          }
        },
        "loc": {
          "start": {
            "line": 159,
            "column": 38
          },
          "end": {
            "line": 180,
            "column": 5
          }
        },
        "line": 159
      },
      "14": {
        "name": "(anonymous_14)",
        "decl": {
          "start": {
            "line": 206,
            "column": 56
          },
          "end": {
            "line": 206,
            "column": 57
          }
        },
        "loc": {
          "start": {
            "line": 206,
            "column": 67
          },
          "end": {
            "line": 211,
            "column": 1
          }
        },
        "line": 206
      },
      "15": {
        "name": "(anonymous_15)",
        "decl": {
          "start": {
            "line": 213,
            "column": 23
          },
          "end": {
            "line": 213,
            "column": 24
          }
        },
        "loc": {
          "start": {
            "line": 213,
            "column": 27
          },
          "end": {
            "line": 216,
            "column": 1
          }
        },
        "line": 213
      },
      "16": {
        "name": "(anonymous_16)",
        "decl": {
          "start": {
            "line": 226,
            "column": 50
          },
          "end": {
            "line": 226,
            "column": 51
          }
        },
        "loc": {
          "start": {
            "line": 226,
            "column": 70
          },
          "end": {
            "line": 233,
            "column": 1
          }
        },
        "line": 226
      },
      "17": {
        "name": "(anonymous_17)",
        "decl": {
          "start": {
            "line": 228,
            "column": 25
          },
          "end": {
            "line": 228,
            "column": 26
          }
        },
        "loc": {
          "start": {
            "line": 228,
            "column": 42
          },
          "end": {
            "line": 232,
            "column": 3
          }
        },
        "line": 228
      }
    },
    "branchMap": {
      "0": {
        "loc": {
          "start": {
            "line": 1,
            "column": 0
          },
          "end": {
            "line": 1,
            "column": 104
          }
        },
        "type": "if",
        "locations": [
          {
            "start": {
              "line": 1,
              "column": 0
            },
            "end": {
              "line": 1,
              "column": 104
            }
          },
          {
            "start": {},
            "end": {}
          }
        ],
        "line": 1
      },
      "1": {
        "loc": {
          "start": {
            "line": 41,
            "column": 16
          },
          "end": {
            "line": 45,
            "column": 17
          }
        },
        "type": "if",
        "locations": [
          {
            "start": {
              "line": 41,
              "column": 16
            },
            "end": {
              "line": 45,
              "column": 17
            }
          },
          {
            "start": {},
            "end": {}
          }
        ],
        "line": 41
      },
      "2": {
        "loc": {
          "start": {
            "line": 73,
            "column": 16
          },
          "end": {
            "line": 83,
            "column": 17
          }
        },
        "type": "if",
        "locations": [
          {
            "start": {
              "line": 73,
              "column": 16
            },
            "end": {
              "line": 83,
              "column": 17
            }
          },
          {
            "start": {},
            "end": {}
          }
        ],
        "line": 73
      },
      "3": {
        "loc": {
          "start": {
            "line": 122,
            "column": 16
          },
          "end": {
            "line": 124,
            "column": 17
          }
        },
        "type": "if",
        "locations": [
          {
            "start": {
              "line": 122,
              "column": 16
            },
            "end": {
              "line": 124,
              "column": 17
            }
          },
          {
            "start": {},
            "end": {}
          }
        ],
        "line": 122
      },
      "4": {
        "loc": {
          "start": {
            "line": 165,
            "column": 12
          },
          "end": {
            "line": 169,
            "column": 13
          }
        },
        "type": "if",
        "locations": [
          {
            "start": {
              "line": 165,
              "column": 12
            },
            "end": {
              "line": 169,
              "column": 13
            }
          },
          {
            "start": {},
            "end": {}
          }
        ],
        "line": 165
      },
      "5": {
        "loc": {
          "start": {
            "line": 170,
            "column": 12
          },
          "end": {
            "line": 174,
            "column": 13
          }
        },
[...]
          "start": {
            "line": 27,
            "column": 4
          },
          "end": {
            "line": 33,
            "column": 5
          }
        },
        "type": "if",
        "locations": [
          {
            "start": {
              "line": 27,
              "column": 4
            },
            "end": {
              "line": 33,
              "column": 5
            }
          },
          {
            "start": {},
            "end": {}
          }
        ],
        "line": 27
      },
      "2": {
        "loc": {
          "start": {
            "line": 35,
            "column": 4
          },
          "end": {
            "line": 43,
            "column": 5
          }
        },
        "type": "if",
        "locations": [
          {
            "start": {
              "line": 35,
              "column": 4
            },
            "end": {
              "line": 43,
              "column": 5
            }
          },
          {
            "start": {},
            "end": {}
          }
        ],
        "line": 35
      },
      "3": {
        "loc": {
          "start": {
            "line": 66,
            "column": 26
          },
          "end": {
            "line": 78,
            "column": 29
          }
        },
        "type": "cond-expr",
        "locations": [
          {
            "start": {
              "line": 66,
              "column": 70
            },
            "end": {
              "line": 72,
              "column": 24
            }
          },
          {
            "start": {
              "line": 72,
              "column": 27
            },
            "end": {
              "line": 78,
              "column": 29
            }
          }
        ],
        "line": 66
      },
      "4": {
        "loc": {
          "start": {
            "line": 101,
            "column": 26
          },
          "end": {
            "line": 113,
            "column": 29
          }
        },
        "type": "cond-expr",
        "locations": [
          {
            "start": {
              "line": 101,
              "column": 68
            },
            "end": {
              "line": 107,
              "column": 24
            }
          },
          {
            "start": {
              "line": 107,
              "column": 27
            },
            "end": {
              "line": 113,
              "column": 29
            }
          }
        ],
        "line": 101
      },
      "5": {
        "loc": {
          "start": {
            "line": 142,
            "column": 4
          },
          "end": {
            "line": 142,
            "column": 29
          }
        },
        "type": "if",
        "locations": [
          {
            "start": {
              "line": 142,
              "column": 4
            },
            "end": {
              "line": 142,
              "column": 29
            }
          },
          {
            "start": {},
            "end": {}
          }
        ],
        "line": 142
      },
      "6": {
        "loc": {
          "start": {
            "line": 144,
            "column": 4
          },
          "end": {
            "line": 144,
            "column": 73
          }
        },
        "type": "if",
        "locations": [
          {
            "start": {
              "line": 144,
              "column": 4
            },
            "end": {
              "line": 144,
              "column": 73
            }
          },
          {
            "start": {},
            "end": {}
          }
        ],
        "line": 144
      }
    },
    "s": {
      "0": 1,
      "1": 0,
      "2": 1,
      "3": 1,
      "4": 1,
      "5": 1,
      "6": 1,
      "7": 0,
      "8": 0,
      "9": 0,
      "10": 0,
      "11": 0,
      "12": 0,
      "13": 0,
      "14": 0,
      "15": 0,
      "16": 0,
      "17": 0,
      "18": 0,
      "19": 0,
      "20": 1,
      "21": 0,
      "22": 1,
      "23": 1,
      "24": 1,
      "25": 1,
      "26": 1,
      "27": 1,
      "28": 1,
      "29": 0,
      "30": 0,
      "31": 0,
      "32": 0,
      "33": 0
    },
    "f": {
      "0": 0,
      "1": 0,
      "2": 0,
      "3": 0,
      "4": 0,
      "5": 0,
      "6": 1,
      "7": 0
    },
    "b": {
      "0": [
        0,
        1
      ],
      "1": [
        0,
        0
      ],
      "2": [
        0,
        0
      ],
      "3": [
        0,
        0
      ],
      "4": [
        0,
        0
      ],
      "5": [
        0,
        0
      ],
      "6": [
        0,
        0
      ]
    },
    "inputSourceMap": {
      "version": 3,
      "sources": [
        "C:/Users/andre/OneDrive/Desktop/SENG 499 Project/front-end/src/pages/CharityPage.tsx"
      ],
      "names": [
        "Divider",
        "PageHeading",
        "CharityCard",
        "getCharities",
        "useQuery",
        "ErrorPage",
        "CharityPageSkeleton",
        "CharityPage",
        "data",
        "charities",
        "isLoading",
        "isError",
        "error",
        "queryKey",
        "queryFn",
        "message",
        "activeCharities",
        "filter",
        "charity",
        "status",
        "pastCharities",
        "main",
        "className",
        "title",
        "h2",
        "div",
        "length",
        "map",
        "charityInfo",
        "name",
        "mb"
      ],
      "rangeMappings": ";;;;;;;;;;;;;;;;;;;;;;;;;;;;;;;;;;;;;;;;;;;;;;;;;;;;;;;;;;;;;;;;;;;;;;;;;;;;;;;;;;;;;;;;;;;;;;;;;;;;;;;;;;;;;;;;;;;;;;;;;;",
      "mappings": ";;;;;;;;;;AAAA,SAASA,OAAO,QAAQ,mBAAmB;AAE3C,OAAOC,iBAAiB,4BAA4B;AACpD,OAAOC,iBAAiB,4BAA4B;AACpD,SAASC,YAAY,QAAQ,eAAe;AAC5C,SAASC,QAAQ,QAAQ,wBAAwB;AACjD,OAAOC,eAAe,cAAc;AACpC,OAAOC,yBAAyB,8CAA8C;AAE9E,eAAe,SAASC;;IACtB,MAAM,EACJC,MAAMC,SAAS,EACfC,SAAS,EACTC,OAAO,EACPC,KAAK,EACN,GAAGR,SAAS;QAAES,UAAU;YAAC;SAAY;QAAEC,SAASX;IAAa;IAE9D,oBAAoB;IACpB,IAAIO,WAAW;QACb,qBAAO,QAACJ;;;;;IACV;IAEA,gBAAgB;IAChB,IAAIK,SAAS;QACX,qBAAO,QAACN;sBAAWO,MAAMG,OAAO;;;;;;IAClC;IAEA,MAAMC,kBAAkBP,UAAUQ,MAAM,CACtC,CAACC,UAAqBA,QAAQC,MAAM,IAAI;IAE1C,MAAMC,gBAAgBX,UAAUQ,MAAM,CACpC,CAACC,UAAqBA,QAAQC,MAAM,IAAI;IAG1C,qBACE,QAACE;QAAKC,WAAU;;0BACd,QAACrB;gBAAYsB,OAAM;;;;;;0BACnB,QAACC;gBAAGF,WAAU;0BAAiE;;;;;;0BAG/E,QAACG;gBAAIH,WAAU;0BACZN,gBAAgBU,MAAM,IAAI,kBACzB,QAACD;8BAAI;;;;;2BAELT,gBAAgBW,GAAG,CAAC,CAACT,wBACnB,QAAChB;wBAAY0B,aAAaV;uBAAcA,QAAQW,IAAI;;;;;;;;;;0BAI1D,QAAC7B;gBAAQ8B,IAAG;;;;;;0BACZ,QAACN;gBAAGF,WAAU;0BAA+D;;;;;;0BAG7E,QAACG;gBAAIH,WAAU;0BACZF,cAAcM,MAAM,IAAI,kBACvB,QAACD;8BAAI;;;;;2BAELL,cAAcO,GAAG,CAAC,CAACT,wBACjB,QAAChB;wBAAY0B,aAAaV;uBAAcA,QAAQW,IAAI;;;;;;;;;;;;;;;;AAMhE;GAvDwBtB;;QAMlBH;;;KANkBG"
    },
    "_coverageSchema": "1a1c01bbd47fc00a2c39e90264f33305004495a9",
    "hash": "8126d43eb55baec13d7fd61f71380c1ab4debe49"
  },
  "C:/Users/andre/OneDrive/Desktop/SENG 499 Project/front-end/src/App.tsx": {
    "path": "C:/Users/andre/OneDrive/Desktop/SENG 499 Project/front-end/src/App.tsx",
    "statementMap": {
      "0": {
        "start": {
          "line": 1,
          "column": 0
        },
        "end": {
          "line": 1,
          "column": 104
        }
      },
      "1": {
        "start": {
          "line": 1,
          "column": 26
        },
        "end": {
          "line": 1,
          "column": 104
        }
      },
      "2": {
        "start": {
          "line": 2,
          "column": 23
        },
        "end": {
          "line": 2,
          "column": 42
        }
      },
      "3": {
        "start": {
          "line": 3,
          "column": 23
        },
        "end": {
          "line": 3,
          "column": 42
        }
      },
      "4": {
        "start": {
          "line": 4,
          "column": 0
        },
        "end": {
          "line": 4,
          "column": 125
        }
      },
      "5": {
        "start": {
          "line": 5,
          "column": 0
        },
        "end": {
          "line": 5,
          "column": 73
        }
      },
      "6": {
        "start": {
          "line": 29,
          "column": 20
        },
        "end": {
          "line": 29,
          "column": 37
        }
      },
      "7": {
        "start": {
          "line": 36,
          "column": 4
        },
        "end": {
          "line": 340,
          "column": 13
        }
      },
      "8": {
        "start": {
          "line": 342,
          "column": 0
        },
        "end": {
          "line": 342,
          "column": 9
        }
      },
      "9": {
        "start": {
          "line": 345,
          "column": 0
        },
        "end": {
          "line": 345,
          "column": 24
        }
      },
      "10": {
        "start": {
          "line": 348,
          "column": 0
        },
        "end": {
          "line": 348,
          "column": 37
        }
      },
      "11": {
        "start": {
          "line": 349,
          "column": 0
        },
        "end": {
          "line": 349,
          "column": 37
        }
      },
      "12": {
        "start": {
          "line": 351,
          "column": 0
        },
        "end": {
          "line": 358,
          "column": 3
        }
      },
      "13": {
        "start": {
          "line": 352,
          "column": 2
        },
        "end": {
          "line": 352,
          "column": 138
        }
      },
      "14": {
        "start": {
          "line": 353,
          "column": 2
        },
        "end": {
          "line": 357,
          "column": 5
        }
      },
      "15": {
        "start": {
          "line": 354,
          "column": 4
        },
        "end": {
          "line": 354,
          "column": 29
        }
      },
      "16": {
        "start": {
          "line": 354,
          "column": 22
        },
        "end": {
          "line": 354,
          "column": 29
        }
      },
      "17": {
        "start": {
          "line": 355,
          "column": 30
        },
        "end": {
          "line": 355,
          "column": 187
        }
      },
      "18": {
        "start": {
          "line": 356,
          "column": 4
        },
        "end": {
          "line": 356,
          "column": 73
        }
      },
      "19": {
        "start": {
          "line": 356,
          "column": 27
        },
        "end": {
          "line": 356,
          "column": 73
        }
      }
    },
    "fnMap": {
      "0": {
        "name": "App",
        "decl": {
          "start": {
            "line": 35,
            "column": 9
          },
          "end": {
            "line": 35,
            "column": 12
          }
        },
        "loc": {
          "start": {
            "line": 35,
            "column": 15
          },
          "end": {
            "line": 341,
            "column": 1
          }
        },
        "line": 35
      },
      "1": {
        "name": "(anonymous_1)",
        "decl": {
          "start": {
            "line": 351,
            "column": 50
          },
          "end": {
            "line": 351,
            "column": 51
          }
        },
        "loc": {
          "start": {
            "line": 351,
            "column": 70
          },
          "end": {
            "line": 358,
            "column": 1
          }
        },
        "line": 351
      },
      "2": {
        "name": "(anonymous_2)",
        "decl": {
          "start": {
            "line": 353,
            "column": 25
          },
          "end": {
            "line": 353,
            "column": 26
          }
        },
        "loc": {
          "start": {
            "line": 353,
            "column": 42
          },
          "end": {
            "line": 357,
            "column": 3
          }
        },
        "line": 353
      }
    },
    "branchMap": {
      "0": {
        "loc": {
          "start": {
            "line": 1,
            "column": 0
          },
          "end": {
            "line": 1,
            "column": 104
          }
        },
        "type": "if",
        "locations": [
          {
            "start": {
              "line": 1,
              "column": 0
            },
            "end": {
              "line": 1,
              "column": 104
            }
          },
          {
            "start": {},
            "end": {}
          }
        ],
        "line": 1
      },
      "1": {
        "loc": {
          "start": {
            "line": 354,
            "column": 4
          },
          "end": {
            "line": 354,
            "column": 29
          }
        },
        "type": "if",
        "locations": [
          {
            "start": {
              "line": 354,
              "column": 4
            },
            "end": {
              "line": 354,
              "column": 29
            }
          },
          {
            "start": {},
            "end": {}
          }
        ],
        "line": 354
      },
      "2": {
        "loc": {
          "start": {
            "line": 356,
            "column": 4
          },
          "end": {
            "line": 356,
            "column": 73
          }
        },
        "type": "if",
        "locations": [
          {
            "start": {
              "line": 356,
              "column": 4
            },
            "end": {
              "line": 356,
              "column": 73
            }
          },
          {
            "start": {},
            "end": {}
          }
        ],
        "line": 356
      }
    },
    "s": {
      "0": 1,
      "1": 0,
      "2": 1,
      "3": 1,
      "4": 1,
      "5": 1,
      "6": 1,
      "7": 2,
      "8": 1,
      "9": 1,
      "10": 1,
      "11": 1,
      "12": 1,
      "13": 1,
      "14": 1,
      "15": 0,
      "16": 0,
      "17": 0,
      "18": 0,
      "19": 0
    },
    "f": {
      "0": 2,
      "1": 1,
      "2": 0
    },
    "b": {
      "0": [
        0,
        1
      ],
      "1": [
        0,
        0
      ],
      "2": [
        0,
        0
      ]
    },
    "inputSourceMap": {
      "version": 3,
      "sources": [
        "C:/Users/andre/OneDrive/Desktop/SENG 499 Project/front-end/src/App.tsx"
      ],
      "names": [
        "ChakraProvider",
        "BrowserRouter",
        "Router",
        "Routes",
        "Route",
        "Navigate",
        "HomeLayout",
        "RegistrationLayout",
        "RecomendationsPage",
        "IndividualListingPage",
        "Chat",
        "Settings",
        "BrowsePage",
        "Create",
        "Edit",
        "ErrorPage",
        "LoginPage",
        "RecoverPasswordPage",
        "RegistrationPhaseOnePage",
        "RegistrationPhaseTwoPage",
        "NewPasswordPage",
        "VerificationSuccess",
        "QueryClient",
        "QueryClientProvider",
        "queryClient",
        "ProtectedRoute",
        "AuthProvider",
        "MyListings",
        "SearchResultsPage",
        "CharityPage",
        "App",
        "client",
        "element",
        "path",
        "index",
        "to"
      ],
      "rangeMappings": ";;;;;;;;;;;;;;;;;;;;;;;;;;;;;;;;;;;;;;;;;;;;;;;;;;;;;;;;;;;;;;;;;;;;;;;;;;;;;;;;;;;;;;;;;;;;;;;;;;;;;;;;;;;;;;;;;;;;;;;;;;;;;;;;;;;;;;;;;;;;;;;;;;;;;;;;;;;;;;;;;;;;;;;;;;;;;;;;;;;;;;;;;;;;;;;;;;;;;;;;;;;;;;;;;;;;;;;;;;;;;;;;;;;;;;;;;;;;;;;;;;;;;;;;;;;;;;;;;;;;;;;;;;;;;;;;;;;;;;;;;;;;;;;;;;;;;;;;;;;;;;;;;;;;;;;;;;;;;;;;;;;;;;;;;;;;;;",
      "mappings": ";;;;;;;;;AAAA,SAASA,cAAc,QAAQ,mBAAmB;AAClD,SACEC,iBAAiBC,MAAM,EACvBC,MAAM,EACNC,KAAK,EACLC,QAAQ,QACH,mBAAmB;AAE1B,OAAOC,gBAAgB,sBAAsB;AAC7C,OAAOC,wBAAwB,8BAA8B;AAC7D,OAAOC,wBAAwB,6BAA6B;AAC5D,OAAOC,2BAA2B,iCAAiC;AACnE,OAAOC,UAAU,eAAe;AAChC,OAAOC,cAAc,uBAAuB;AAC5C,OAAOC,gBAAgB,qBAAqB;AAC5C,OAAOC,YAAY,wBAAwB;AAC3C,OAAOC,UAAU,sBAAsB;AACvC,OAAOC,eAAe,oBAAoB;AAC1C,OAAOC,eAAe,oBAAoB;AAC1C,OAAOC,yBAAyB,8BAA8B;AAC9D,OAAOC,8BAA8B,mCAAmC;AACxE,OAAOC,8BAA8B,mCAAmC;AACxE,OAAOC,qBAAqB,0BAA0B;AACtD,OAAOC,yBAAyB,8BAA8B;AAC9D,SAASC,WAAW,EAAEC,mBAAmB,QAAQ,wBAAwB;AACzE,MAAMC,cAAc,IAAIF;AAExB,OAAOG,oBAAoB,8BAA8B;AACzD,SAASC,YAAY,QAAQ,sBAAsB;AACnD,OAAOC,gBAAgB,qBAAqB;AAC5C,OAAOC,uBAAuB,4BAA4B;AAC1D,OAAOC,iBAAiB,sBAAsB;AAE9C,SAASC;IACP,qBACE,QAACP;QAAoBQ,QAAQP;kBAC3B,cAAA,QAACtB;sBACC,cAAA,QAACwB;0BACC,cAAA,QAAC1B;8BACC,cAAA,QAACG;;0CACC,QAACC;gCAAM4B,uBAAS,QAACP;;;;;0CACf,cAAA,QAACrB;oCAAM6B,MAAK;oCAAID,uBAAS,QAAC1B;;;;;;sDACxB,QAACF;4CACC6B,MAAK;4CACLD,uBAAS,QAACjB;0DAAU;;;;;;;;;;;sDAEtB,QAACX;4CAAM8B,KAAK;4CAACF,uBAAS,QAAC3B;gDAAS8B,IAAG;;;;;;;;;;;sDACnC,QAAC/B;4CACC6B,MAAK;4CACLD,uBAAS,QAACxB;;;;;;;;;;sDAEZ,QAACJ;4CAAM6B,MAAK;4CAAeD,uBAAS,QAACpB;;;;;;;;;;sDACrC,QAACR;4CACC6B,MAAK;4CACLD,uBAAS,QAACvB;;;;;;;;;;sDAEZ,QAACL;4CAAM6B,MAAK;4CAAOD,uBAAS,QAACtB;;;;;;;;;;sDAC7B,QAACN;4CAAM6B,MAAK;4CAAmBD,uBAAS,QAACL;;;;;;;;;;sDACzC,QAACvB;4CAAM6B,MAAK;4CAASD,uBAAS,QAACnB;;;;;;;;;;sDAC/B,QAACT;4CAAM6B,MAAK;4CAAkBD,uBAAS,QAAClB;;;;;;;;;;sDACxC,QAACV;4CAAM6B,MAAK;4CAAUD,uBAAS,QAACH;;;;;;;;;;sDAChC,QAACzB;4CACC6B,MAAK;4CACLD,uBAAS,QAACH;;;;;;;;;;sDAEZ,QAACzB;4CACC6B,MAAK;4CACLD,uBAAS,QAACJ;;;;;;;;;;sDAEZ,QAACxB;4CAAM6B,MAAK;4CAAWD,uBAAS,QAACrB;;;;;;;;;;;;;;;;;;;;;0CAIrC,QAACP;gCAAM6B,MAAK;gCAAQD,uBAAS,QAAChB;;;;;;;;;;0CAC9B,QAACZ;gCACC6B,MAAK;gCACLD,uBAAS,QAACf;;;;;;;;;;0CAGZ,QAACb;gCAAM6B,MAAK;gCAAaD,uBAAS,QAACzB;;;;;;kDACjC,QAACH;wCACC6B,MAAK;wCACLC,KAAK;wCACLF,uBAAS,QAACd;;;;;;;;;;kDAEZ,QAACd;wCACC6B,MAAK;wCACLD,uBAAS,QAACb;;;;;;;;;;kDAEZ,QAACf;wCAAM6B,MAAK;wCAAUD,uBAAS,QAACX;;;;;;;;;;kDAChC,QAACjB;wCAAM6B,MAAK;wCAAaD,uBAAS,QAACZ;;;;;;;;;;;;;;;;;;;;;;;;;;;;;;;;;;;;;;;;;;AAQnD;KAjESU;AAmET,eAAeA,IAAI"
    },
    "_coverageSchema": "1a1c01bbd47fc00a2c39e90264f33305004495a9",
    "hash": "e71e8ed274c709a6a5650beff6b3e4aab41fd406"
  },
  "C:/Users/andre/OneDrive/Desktop/SENG 499 Project/front-end/src/main.tsx": {
    "path": "C:/Users/andre/OneDrive/Desktop/SENG 499 Project/front-end/src/main.tsx",
    "statementMap": {
      "0": {
        "start": {
          "line": 6,
          "column": 0
        },
        "end": {
          "line": 16,
          "column": 10
        }
      }
    },
    "fnMap": {},
    "branchMap": {},
    "s": {
      "0": 1
    },
    "f": {},
    "b": {},
    "inputSourceMap": {
      "version": 3,
      "sources": [
        "C:/Users/andre/OneDrive/Desktop/SENG 499 Project/front-end/src/main.tsx"
      ],
      "names": [
        "React",
        "ReactDOM",
        "App",
        "createRoot",
        "document",
        "getElementById",
        "render",
        "StrictMode"
      ],
      "rangeMappings": ";;;;;;",
      "mappings": ";AAAA,OAAOA,WAAW,QAAQ;AAC1B,OAAOC,cAAc,mBAAmB;AACxC,OAAOC,SAAS,YAAY;AAC5B,OAAO,cAAc;AAErBD,SAASE,UAAU,CAACC,SAASC,cAAc,CAAC,SAAUC,MAAM,eAC1D,QAACN,MAAMO,UAAU;cACf,cAAA,QAACL"
    },
    "_coverageSchema": "1a1c01bbd47fc00a2c39e90264f33305004495a9",
    "hash": "21f38eb5e666a8716ea11a7518bd7a8f2d2d07e4"
  },
  "C:/Users/andre/OneDrive/Desktop/SENG 499 Project/front-end/src/vite-env.d.ts": {
    "path": "C:/Users/andre/OneDrive/Desktop/SENG 499 Project/front-end/src/vite-env.d.ts",
    "statementMap": {},
    "fnMap": {},
    "branchMap": {},
    "s": {},
    "f": {},
    "b": {}
  },
  "C:/Users/andre/OneDrive/Desktop/SENG 499 Project/front-end/src/utils/interfaces.ts": {
    "path": "C:/Users/andre/OneDrive/Desktop/SENG 499 Project/front-end/src/utils/interfaces.ts",
    "statementMap": {},
    "fnMap": {},
    "branchMap": {},
    "s": {},
    "f": {},
    "b": {}
  },
  "C:/Users/andre/OneDrive/Desktop/SENG 499 Project/front-end/src/utils/mockChatPanelItems.ts": {
    "path": "C:/Users/andre/OneDrive/Desktop/SENG 499 Project/front-end/src/utils/mockChatPanelItems.ts",
    "statementMap": {},
    "fnMap": {},
    "branchMap": {},
    "s": {},
    "f": {},
    "b": {}
  },
  "C:/Users/andre/OneDrive/Desktop/SENG 499 Project/front-end/src/utils/mockMessages.ts": {
    "path": "C:/Users/andre/OneDrive/Desktop/SENG 499 Project/front-end/src/utils/mockMessages.ts",
    "statementMap": {},
    "fnMap": {},
    "branchMap": {},
    "s": {},
    "f": {},
    "b": {}
  }
}
